<?xml version="1.0" encoding="UTF-8"?>
<!-- Generated by org.testng.reporters.JUnitXMLReporter -->
<testsuite ignored="3" hostname="Hunter" failures="0" tests="6" name="Test2" time="0.048" errors="0" timestamp="2025-12-26T09:03:54 IST">
  <testcase classname="section16.Demo3" name="firstMethod" time="0.005"/>
  <testcase classname="section16.Demo3" name="fourthMethod" time="0.005"/>
  <testcase classname="section16.Demo3" name="secondMethod" time="0.002"/>
  <testcase classname="section16.Demo4" name="firstMethod" time="0.001"/>
  <testcase classname="section16.Demo4" name="secondMethod" time="0.001"/>
  <testcase classname="section16.Demo4" name="thirdMethod" time="0.002"/>
  <testcase classname="section16.Demo3" name="thirdMethod" time="0.0">
    <ignored/>
  </testcase> <!-- thirdMethod -->
  <testcase classname="section16.Demo4" name="fourthPartMethod" time="0.0">
    <ignored/>
  </testcase> <!-- fourthPartMethod -->
  <testcase classname="section16.Demo4" name="fourthMethod" time="0.0">
    <ignored/>
  </testcase> <!-- fourthMethod -->
</testsuite> <!-- Test2 -->
