<?xml version="1.0" encoding="UTF-8"?>
<!-- Generated by org.testng.reporters.JUnitXMLReporter -->
<testsuite ignored="0" hostname="Hunter" failures="1" tests="20" name="Test" time="0.258" errors="0" timestamp="2025-12-26T16:28:50 IST">
  <testcase classname="section16.dataProvider" name="mainFunction" time="0.009"/>
  <testcase classname="section16.dataProvider" name="mainFunction" time="0.004"/>
  <testcase classname="section16.dataProvider" name="mainFunction" time="0.003"/>
  <testcase classname="section16.Demo" name="firstMethod" time="0.003"/>
  <testcase classname="section16.Demo" name="fourthMethod" time="0.004"/>
  <testcase classname="section16.Demo" name="secondMethod" time="0.002"/>
  <testcase classname="section16.Demo" name="thirdMethod" time="0.002"/>
  <testcase classname="section16.Demo2" name="firstMethod" time="0.003"/>
  <testcase classname="section16.Demo2" name="fourthMethod" time="0.075">
    <failure type="java.lang.AssertionError" message="expected [true] but found [false]">
      <![CDATA[java.lang.AssertionError: expected [true] but found [false]
at section16.Demo2.fourthMethod(Demo2.java:29)
at java.base/java.util.ArrayList.forEach(ArrayList.java:1596)
... Removed 29 stack frames]]>
    </failure>
  </testcase> <!-- fourthMethod -->
  <testcase classname="section16.Demo2" name="secondMethod" time="0.001"/>
  <testcase classname="section16.Demo2" name="thirdMethod" time="0.001"/>
  <testcase classname="section16.Demo3" name="firstMethod" time="0.002"/>
  <testcase classname="section16.Demo3" name="thirdMethod" time="0.0"/>
  <testcase classname="section16.Demo3" name="secondMethod" time="0.002"/>
  <testcase classname="section16.Demo3" name="fourthMethod" time="0.002"/>
  <testcase classname="section16.Demo4" name="firstMethod" time="0.002"/>
  <testcase classname="section16.Demo4" name="fourthMethod" time="0.007"/>
  <testcase classname="section16.Demo4" name="fourthPartMethod" time="0.002"/>
  <testcase classname="section16.Demo4" name="secondMethod" time="0.001"/>
  <testcase classname="section16.Demo4" name="thirdMethod" time="0.001"/>
</testsuite> <!-- Test -->
