<?xml version="1.0" encoding="UTF-8"?>
<testng-results ignored="0" total="1" passed="1" failed="0" skipped="0">
  <reporter-output>
  </reporter-output>
  <suite started-at="2025-12-27T11:31:17 IST" name="Default suite" finished-at="2025-12-27T11:31:17 IST" duration-ms="67">
    <groups>
    </groups>
    <test started-at="2025-12-27T11:31:17 IST" name="Default test" finished-at="2025-12-27T11:31:17 IST" duration-ms="67">
      <class name="section17.Child">
        <test-method is-config="true" signature="beforeMethod()[pri:0, instance:section17.Child@55b699ef]" started-at="2025-12-27T11:31:17 IST" name="beforeMethod" finished-at="2025-12-27T11:31:17 IST" duration-ms="6" status="PASS">
          <reporter-output>
          </reporter-output>
        </test-method> <!-- beforeMethod -->
        <test-method signature="childMethod()[pri:0, instance:section17.Child@55b699ef]" started-at="2025-12-27T11:31:17 IST" name="childMethod" finished-at="2025-12-27T11:31:17 IST" duration-ms="10" status="PASS">
          <reporter-output>
          </reporter-output>
        </test-method> <!-- childMethod -->
      </class> <!-- section17.Child -->
    </test> <!-- Default test -->
  </suite> <!-- Default suite -->
</testng-results>
