<?xml version="1.0" encoding="UTF-8"?>
<!-- Generated by org.testng.reporters.JUnitReportReporter -->
<testsuite hostname="Hunter" failures="0" tests="4" name="section16.Demo" time="0.011" errors="0" timestamp="2025-12-26T16:28:50 IST" skipped="0">
  <testcase classname="section16.Demo" name="firstMethod" time="0.003"/>
  <testcase classname="section16.Demo" name="fourthMethod" time="0.004"/>
  <testcase classname="section16.Demo" name="secondMethod" time="0.002"/>
  <testcase classname="section16.Demo" name="thirdMethod" time="0.002"/>
</testsuite> <!-- section16.Demo -->
