<?xml version="1.0" encoding="UTF-8"?>
<!-- Generated by org.testng.reporters.JUnitReportReporter -->
<testsuite hostname="Hunter" failures="0" tests="3" name="section16.dataProvider" time="0.016" errors="0" timestamp="2025-12-26T16:28:50 IST" skipped="0">
  <testcase classname="section16.dataProvider" name="mainFunction" time="0.004"/>
  <testcase classname="section16.dataProvider" name="mainFunction" time="0.003"/>
  <testcase classname="section16.dataProvider" name="mainFunction" time="0.009"/>
</testsuite> <!-- section16.dataProvider -->
