<?xml version="1.0" encoding="UTF-8"?>
<!-- Generated by org.testng.reporters.JUnitReportReporter -->
<testsuite hostname="Hunter" failures="0" tests="5" name="section16.Demo4" time="0.013" errors="0" timestamp="2025-12-26T16:28:50 IST" skipped="0">
  <testcase classname="section16.Demo4" name="secondMethod" time="0.001"/>
  <testcase classname="section16.Demo4" name="fourthMethod" time="0.007"/>
  <testcase classname="section16.Demo4" name="fourthPartMethod" time="0.002"/>
  <testcase classname="section16.Demo4" name="firstMethod" time="0.002"/>
  <testcase classname="section16.Demo4" name="thirdMethod" time="0.001"/>
</testsuite> <!-- section16.Demo4 -->
